*** Using Compiler 'V5.05 update 2 (build 169)', folder: 'D:\Program\Keil v5\ARM\ARMCC\Bin'
Rebuild target 'Target 1'
compiling core_cm3.c...
compiling system_stm32f10x.c...
assembling startup_stm32f10x_md.s...
compiling misc.c...
compiling stm32f10x_adc.c...
compiling stm32f10x_bkp.c...
compiling stm32f10x_can.c...
compiling stm32f10x_cec.c...
compiling stm32f10x_crc.c...
compiling stm32f10x_dac.c...
compiling stm32f10x_dbgmcu.c...
compiling stm32f10x_dma.c...
compiling stm32f10x_exti.c...
compiling stm32f10x_flash.c...
compiling stm32f10x_fsmc.c...
compiling stm32f10x_gpio.c...
compiling stm32f10x_i2c.c...
compiling stm32f10x_iwdg.c...
compiling stm32f10x_pwr.c...
compiling stm32f10x_rcc.c...
compiling stm32f10x_rtc.c...
compiling stm32f10x_sdio.c...
compiling stm32f10x_spi.c...
compiling stm32f10x_tim.c...
compiling stm32f10x_usart.c...
compiling stm32f10x_wwdg.c...
compiling delay.c...
compiling sys.c...
compiling usart.c...
compiling button.c...
compiling dma.c...
compiling lcd.c...
compiling lcd_init.c...
compiling spi.c...
compiling flash.c...
compiling beep.c...
compiling led.c...
compiling tim.c...
compiling lm75bd.c...
compiling battery.c...
compiling main.c...
compiling stm32f10x_it.c...
linking...
Program Size: Code=4340 RO-data=12476 RW-data=120 ZI-data=1744  
FromELF: creating hex file...
".\Objects\badminton.axf" - 0 Error(s), 0 Warning(s).
